# JRE version: Java(TM) SE Runtime Environment (7.0_55-b13) (build 1.7.0_55-b13)
# Java VM: Java HotSpot(TM) 64-Bit Server VM (24.55-b03 mixed mode linux-amd64 compressed oops)
Heap
 PSYoungGen      total 99328K, used 286K [0x00000000e1680000, 0x00000000e7880000, 0x0000000100000000)
  eden space 98304K, 0% used [0x00000000e1680000,0x00000000e1680000,0x00000000e7680000)
  from space 1024K, 27% used [0x00000000e7680000,0x00000000e76c7910,0x00000000e7780000)
  to   space 1024K, 0% used [0x00000000e7780000,0x00000000e7780000,0x00000000e7880000)
 ParOldGen       total 62464K, used 566K [0x00000000a4400000, 0x00000000a8100000, 0x00000000e1680000)
  object space 62464K, 0% used [0x00000000a4400000,0x00000000a448dbd0,0x00000000a8100000)
 PSPermGen       total 21504K, used 4252K [0x000000009f200000, 0x00000000a0700000, 0x00000000a4400000)
  object space 21504K, 19% used [0x000000009f200000,0x000000009f627170,0x00000000a0700000)
GC Heap History (10 events):
Event: 2,116 GC heap after
Heap after GC invocations=2 (full 0):
 PSYoungGen      total 28160K, used 589K [0x00000000e1680000, 0x00000000e3580000, 0x0000000100000000)
  eden space 24576K, 0% used [0x00000000e1680000,0x00000000e1680000,0x00000000e2e80000)
  from space 3584K, 16% used [0x00000000e3200000,0x00000000e32936d0,0x00000000e3580000)
  to   space 3584K, 0% used [0x00000000e2e80000,0x00000000e2e80000,0x00000000e3200000)
 ParOldGen       total 62464K, used 16K [0x00000000a4400000, 0x00000000a8100000, 0x00000000e1680000)
  object space 62464K, 0% used [0x00000000a4400000,0x00000000a4404000,0x00000000a8100000)
 PSPermGen       total 21504K, used 4240K [0x000000009f200000, 0x00000000a0700000, 0x00000000a4400000)
  object space 21504K, 19% used [0x000000009f200000,0x000000009f624388,0x00000000a0700000)
}
Event: 2,251 GC heap before
{Heap before GC invocations=3 (full 0):
 PSYoungGen      total 28160K, used 25165K [0x00000000e1680000, 0x00000000e3580000, 0x0000000100000000)
  eden space 24576K, 100% used [0x00000000e1680000,0x00000000e2e80000,0x00000000e2e80000)
  from space 3584K, 16% used [0x00000000e3200000,0x00000000e32936d0,0x00000000e3580000)
  to   space 3584K, 0% used [0x00000000e2e80000,0x00000000e2e80000,0x00000000e3200000)
 ParOldGen       total 62464K, used 16K [0x00000000a4400000, 0x00000000a8100000, 0x00000000e1680000)
  object space 62464K, 0% used [0x00000000a4400000,0x00000000a4404000,0x00000000a8100000)
 PSPermGen       total 21504K, used 4251K [0x000000009f200000, 0x00000000a0700000, 0x00000000a4400000)
  object space 21504K, 19% used [0x000000009f200000,0x000000009f626eb8,0x00000000a0700000)
Event: 2,254 GC heap after
Heap after GC invocations=3 (full 0):
 PSYoungGen      total 28160K, used 589K [0x00000000e1680000, 0x00000000e4d80000, 0x0000000100000000)
  eden space 24576K, 0% used [0x00000000e1680000,0x00000000e1680000,0x00000000e2e80000)
  from space 3584K, 16% used [0x00000000e2e80000,0x00000000e2f136d0,0x00000000e3200000)
  to   space 3584K, 0% used [0x00000000e4a00000,0x00000000e4a00000,0x00000000e4d80000)
 ParOldGen       total 62464K, used 16K [0x00000000a4400000, 0x00000000a8100000, 0x00000000e1680000)
  object space 62464K, 0% used [0x00000000a4400000,0x00000000a4404000,0x00000000a8100000)
 PSPermGen       total 21504K, used 4251K [0x000000009f200000, 0x00000000a0700000, 0x00000000a4400000)
  object space 21504K, 19% used [0x000000009f200000,0x000000009f626eb8,0x00000000a0700000)
}
Event: 2,398 GC heap before
{Heap before GC invocations=4 (full 0):
 PSYoungGen      total 28160K, used 25165K [0x00000000e1680000, 0x00000000e4d80000, 0x0000000100000000)
  eden space 24576K, 100% used [0x00000000e1680000,0x00000000e2e80000,0x00000000e2e80000)
  from space 3584K, 16% used [0x00000000e2e80000,0x00000000e2f136d0,0x00000000e3200000)
  to   space 3584K, 0% used [0x00000000e4a00000,0x00000000e4a00000,0x00000000e4d80000)
 ParOldGen       total 62464K, used 16K [0x00000000a4400000, 0x00000000a8100000, 0x00000000e1680000)
  object space 62464K, 0% used [0x00000000a4400000,0x00000000a4404000,0x00000000a8100000)
 PSPermGen       total 21504K, used 4251K [0x000000009f200000, 0x00000000a0700000, 0x00000000a4400000)
  object space 21504K, 19% used [0x000000009f200000,0x000000009f626eb8,0x00000000a0700000)
Event: 2,402 GC heap after
Heap after GC invocations=4 (full 0):
 PSYoungGen      total 52736K, used 605K [0x00000000e1680000, 0x00000000e4d80000, 0x0000000100000000)
  eden space 49152K, 0% used [0x00000000e1680000,0x00000000e1680000,0x00000000e4680000)
  from space 3584K, 16% used [0x00000000e4a00000,0x00000000e4a976c0,0x00000000e4d80000)
  to   space 3584K, 0% used [0x00000000e4680000,0x00000000e4680000,0x00000000e4a00000)
 ParOldGen       total 62464K, used 24K [0x00000000a4400000, 0x00000000a8100000, 0x00000000e1680000)
  object space 62464K, 0% used [0x00000000a4400000,0x00000000a4406000,0x00000000a8100000)
 PSPermGen       total 21504K, used 4251K [0x000000009f200000, 0x00000000a0700000, 0x00000000a4400000)
  object space 21504K, 19% used [0x000000009f200000,0x000000009f626eb8,0x00000000a0700000)
}
Event: 2,747 GC heap before
{Heap before GC invocations=5 (full 0):
 PSYoungGen      total 52736K, used 49673K [0x00000000e1680000, 0x00000000e4d80000, 0x0000000100000000)
  eden space 49152K, 99% used [0x00000000e1680000,0x00000000e466ad78,0x00000000e4680000)
  from space 3584K, 16% used [0x00000000e4a00000,0x00000000e4a976c0,0x00000000e4d80000)
  to   space 3584K, 0% used [0x00000000e4680000,0x00000000e4680000,0x00000000e4a00000)
 ParOldGen       total 62464K, used 24K [0x00000000a4400000, 0x00000000a8100000, 0x00000000e1680000)
  object space 62464K, 0% used [0x00000000a4400000,0x00000000a4406000,0x00000000a8100000)
 PSPermGen       total 21504K, used 4252K [0x000000009f200000, 0x00000000a0700000, 0x00000000a4400000)
  object space 21504K, 19% used [0x000000009f200000,0x000000009f627170,0x00000000a0700000)
Event: 2,752 GC heap after
Heap after GC invocations=5 (full 0):
 PSYoungGen      total 52736K, used 680K [0x00000000e1680000, 0x00000000e7880000, 0x0000000100000000)
  eden space 49152K, 0% used [0x00000000e1680000,0x00000000e1680000,0x00000000e4680000)
  from space 3584K, 18% used [0x00000000e4680000,0x00000000e472a230,0x00000000e4a00000)
  to   space 1024K, 0% used [0x00000000e7780000,0x00000000e7780000,0x00000000e7880000)
 ParOldGen       total 62464K, used 24K [0x00000000a4400000, 0x00000000a8100000, 0x00000000e1680000)
  object space 62464K, 0% used [0x00000000a4400000,0x00000000a4406000,0x00000000a8100000)
 PSPermGen       total 21504K, used 4252K [0x000000009f200000, 0x00000000a0700000, 0x00000000a4400000)
  object space 21504K, 19% used [0x000000009f200000,0x000000009f627170,0x00000000a0700000)
}
Event: 2,847 GC heap before
{Heap before GC invocations=6 (full 0):
 PSYoungGen      total 52736K, used 49832K [0x00000000e1680000, 0x00000000e7880000, 0x0000000100000000)
  eden space 49152K, 100% used [0x00000000e1680000,0x00000000e4680000,0x00000000e4680000)
  from space 3584K, 18% used [0x00000000e4680000,0x00000000e472a230,0x00000000e4a00000)
  to   space 1024K, 0% used [0x00000000e7780000,0x00000000e7780000,0x00000000e7880000)
 ParOldGen       total 62464K, used 24K [0x00000000a4400000, 0x00000000a8100000, 0x00000000e1680000)
  object space 62464K, 0% used [0x00000000a4400000,0x00000000a4406000,0x00000000a8100000)
 PSPermGen       total 21504K, used 4252K [0x000000009f200000, 0x00000000a0700000, 0x00000000a4400000)
  object space 21504K, 19% used [0x000000009f200000,0x000000009f627170,0x00000000a0700000)
Event: 2,850 GC heap after
Heap after GC invocations=6 (full 0):
 PSYoungGen      total 99328K, used 605K [0x00000000e1680000, 0x00000000e7880000, 0x0000000100000000)
  eden space 98304K, 0% used [0x00000000e1680000,0x00000000e1680000,0x00000000e7680000)
  from space 1024K, 59% used [0x00000000e7780000,0x00000000e7817650,0x00000000e7880000)
  to   space 1024K, 0% used [0x00000000e7680000,0x00000000e7680000,0x00000000e7780000)
 ParOldGen       total 62464K, used 24K [0x00000000a4400000, 0x00000000a8100000, 0x00000000e1680000)
  object space 62464K, 0% used [0x00000000a4400000,0x00000000a4406000,0x00000000a8100000)
 PSPermGen       total 21504K, used 4252K [0x000000009f200000, 0x00000000a0700000, 0x00000000a4400000)
  object space 21504K, 19% used [0x000000009f200000,0x000000009f627170,0x00000000a0700000)
}
Event: 3,100 GC heap before
{Heap before GC invocations=7 (full 0):
 PSYoungGen      total 99328K, used 98855K [0x00000000e1680000, 0x00000000e7880000, 0x0000000100000000)
  eden space 98304K, 99% used [0x00000000e1680000,0x00000000e76727f8,0x00000000e7680000)
  from space 1024K, 59% used [0x00000000e7780000,0x00000000e7817650,0x00000000e7880000)
  to   space 1024K, 0% used [0x00000000e7680000,0x00000000e7680000,0x00000000e7780000)
 ParOldGen       total 62464K, used 24K [0x00000000a4400000, 0x00000000a8100000, 0x00000000e1680000)
  object space 62464K, 0% used [0x00000000a4400000,0x00000000a4406000,0x00000000a8100000)
 PSPermGen       total 21504K, used 4252K [0x000000009f200000, 0x00000000a0700000, 0x00000000a4400000)
  object space 21504K, 19% used [0x000000009f200000,0x000000009f627170,0x00000000a0700000)

