# JRE version: Java(TM) SE Runtime Environment (7.0_55-b13) (build 1.7.0_55-b13)
# Java VM: Java HotSpot(TM) 64-Bit Server VM (24.55-b03 mixed mode linux-amd64 compressed oops)
Heap
 PSYoungGen      total 99328K, used 32K [0x00000000e1680000, 0x00000000e7880000, 0x0000000100000000)
  eden space 98304K, 0% used [0x00000000e1680000,0x00000000e1680000,0x00000000e7680000)
  from space 1024K, 3% used [0x00000000e7680000,0x00000000e7688000,0x00000000e7780000)
  to   space 1024K, 0% used [0x00000000e7780000,0x00000000e7780000,0x00000000e7880000)
 ParOldGen       total 62464K, used 522K [0x00000000a4400000, 0x00000000a8100000, 0x00000000e1680000)
  object space 62464K, 0% used [0x00000000a4400000,0x00000000a4482bc0,0x00000000a8100000)
 PSPermGen       total 21504K, used 4076K [0x000000009f200000, 0x00000000a0700000, 0x00000000a4400000)
  object space 21504K, 18% used [0x000000009f200000,0x000000009f5fb3f0,0x00000000a0700000)
GC Heap History (10 events):
Event: 1,426 GC heap after
Heap after GC invocations=2 (full 0):
 PSYoungGen      total 28160K, used 557K [0x00000000e1680000, 0x00000000e4d80000, 0x0000000100000000)
  eden space 24576K, 0% used [0x00000000e1680000,0x00000000e1680000,0x00000000e2e80000)
  from space 3584K, 15% used [0x00000000e3200000,0x00000000e328b6b0,0x00000000e3580000)
  to   space 3584K, 0% used [0x00000000e2e80000,0x00000000e2e80000,0x00000000e3200000)
 ParOldGen       total 62464K, used 0K [0x00000000a4400000, 0x00000000a8100000, 0x00000000e1680000)
  object space 62464K, 0% used [0x00000000a4400000,0x00000000a4400000,0x00000000a8100000)
 PSPermGen       total 21504K, used 4065K [0x000000009f200000, 0x00000000a0700000, 0x00000000a4400000)
  object space 21504K, 18% used [0x000000009f200000,0x000000009f5f8530,0x00000000a0700000)
}
Event: 1,568 GC heap before
{Heap before GC invocations=3 (full 0):
 PSYoungGen      total 28160K, used 25133K [0x00000000e1680000, 0x00000000e4d80000, 0x0000000100000000)
  eden space 24576K, 100% used [0x00000000e1680000,0x00000000e2e80000,0x00000000e2e80000)
  from space 3584K, 15% used [0x00000000e3200000,0x00000000e328b6b0,0x00000000e3580000)
  to   space 3584K, 0% used [0x00000000e2e80000,0x00000000e2e80000,0x00000000e3200000)
 ParOldGen       total 62464K, used 0K [0x00000000a4400000, 0x00000000a8100000, 0x00000000e1680000)
  object space 62464K, 0% used [0x00000000a4400000,0x00000000a4400000,0x00000000a8100000)
 PSPermGen       total 21504K, used 4076K [0x000000009f200000, 0x00000000a0700000, 0x00000000a4400000)
  object space 21504K, 18% used [0x000000009f200000,0x000000009f5fb080,0x00000000a0700000)
Event: 1,574 GC heap after
Heap after GC invocations=3 (full 0):
 PSYoungGen      total 28160K, used 589K [0x00000000e1680000, 0x00000000e4d80000, 0x0000000100000000)
  eden space 24576K, 0% used [0x00000000e1680000,0x00000000e1680000,0x00000000e2e80000)
  from space 3584K, 16% used [0x00000000e2e80000,0x00000000e2f136b0,0x00000000e3200000)
  to   space 3584K, 0% used [0x00000000e4a00000,0x00000000e4a00000,0x00000000e4d80000)
 ParOldGen       total 62464K, used 0K [0x00000000a4400000, 0x00000000a8100000, 0x00000000e1680000)
  object space 62464K, 0% used [0x00000000a4400000,0x00000000a4400000,0x00000000a8100000)
 PSPermGen       total 21504K, used 4076K [0x000000009f200000, 0x00000000a0700000, 0x00000000a4400000)
  object space 21504K, 18% used [0x000000009f200000,0x000000009f5fb080,0x00000000a0700000)
}
Event: 1,697 GC heap before
{Heap before GC invocations=4 (full 0):
 PSYoungGen      total 28160K, used 25144K [0x00000000e1680000, 0x00000000e4d80000, 0x0000000100000000)
  eden space 24576K, 99% used [0x00000000e1680000,0x00000000e2e7aac0,0x00000000e2e80000)
  from space 3584K, 16% used [0x00000000e2e80000,0x00000000e2f136b0,0x00000000e3200000)
  to   space 3584K, 0% used [0x00000000e4a00000,0x00000000e4a00000,0x00000000e4d80000)
 ParOldGen       total 62464K, used 0K [0x00000000a4400000, 0x00000000a8100000, 0x00000000e1680000)
  object space 62464K, 0% used [0x00000000a4400000,0x00000000a4400000,0x00000000a8100000)
 PSPermGen       total 21504K, used 4076K [0x000000009f200000, 0x00000000a0700000, 0x00000000a4400000)
  object space 21504K, 18% used [0x000000009f200000,0x000000009f5fb138,0x00000000a0700000)
Event: 1,701 GC heap after
Heap after GC invocations=4 (full 0):
 PSYoungGen      total 52736K, used 578K [0x00000000e1680000, 0x00000000e4d80000, 0x0000000100000000)
  eden space 49152K, 0% used [0x00000000e1680000,0x00000000e1680000,0x00000000e4680000)
  from space 3584K, 16% used [0x00000000e4a00000,0x00000000e4a908d0,0x00000000e4d80000)
  to   space 3584K, 0% used [0x00000000e4680000,0x00000000e4680000,0x00000000e4a00000)
 ParOldGen       total 62464K, used 0K [0x00000000a4400000, 0x00000000a8100000, 0x00000000e1680000)
  object space 62464K, 0% used [0x00000000a4400000,0x00000000a4400000,0x00000000a8100000)
 PSPermGen       total 21504K, used 4076K [0x000000009f200000, 0x00000000a0700000, 0x00000000a4400000)
  object space 21504K, 18% used [0x000000009f200000,0x000000009f5fb138,0x00000000a0700000)
}
Event: 2,147 GC heap before
{Heap before GC invocations=5 (full 0):
 PSYoungGen      total 52736K, used 49718K [0x00000000e1680000, 0x00000000e4d80000, 0x0000000100000000)
  eden space 49152K, 99% used [0x00000000e1680000,0x00000000e467d300,0x00000000e4680000)
  from space 3584K, 16% used [0x00000000e4a00000,0x00000000e4a908d0,0x00000000e4d80000)
  to   space 3584K, 0% used [0x00000000e4680000,0x00000000e4680000,0x00000000e4a00000)
 ParOldGen       total 62464K, used 0K [0x00000000a4400000, 0x00000000a8100000, 0x00000000e1680000)
  object space 62464K, 0% used [0x00000000a4400000,0x00000000a4400000,0x00000000a8100000)
 PSPermGen       total 21504K, used 4076K [0x000000009f200000, 0x00000000a0700000, 0x00000000a4400000)
  object space 21504K, 18% used [0x000000009f200000,0x000000009f5fb3f0,0x00000000a0700000)
Event: 2,149 GC heap after
Heap after GC invocations=5 (full 0):
 PSYoungGen      total 52736K, used 681K [0x00000000e1680000, 0x00000000e7880000, 0x0000000100000000)
  eden space 49152K, 0% used [0x00000000e1680000,0x00000000e1680000,0x00000000e4680000)
  from space 3584K, 19% used [0x00000000e4680000,0x00000000e472a618,0x00000000e4a00000)
  to   space 1024K, 0% used [0x00000000e7780000,0x00000000e7780000,0x00000000e7880000)
 ParOldGen       total 62464K, used 8K [0x00000000a4400000, 0x00000000a8100000, 0x00000000e1680000)
  object space 62464K, 0% used [0x00000000a4400000,0x00000000a4402000,0x00000000a8100000)
 PSPermGen       total 21504K, used 4076K [0x000000009f200000, 0x00000000a0700000, 0x00000000a4400000)
  object space 21504K, 18% used [0x000000009f200000,0x000000009f5fb3f0,0x00000000a0700000)
}
Event: 2,177 GC heap before
{Heap before GC invocations=6 (full 0):
 PSYoungGen      total 52736K, used 49818K [0x00000000e1680000, 0x00000000e7880000, 0x0000000100000000)
  eden space 49152K, 99% used [0x00000000e1680000,0x00000000e467c2a0,0x00000000e4680000)
  from space 3584K, 19% used [0x00000000e4680000,0x00000000e472a618,0x00000000e4a00000)
  to   space 1024K, 0% used [0x00000000e7780000,0x00000000e7780000,0x00000000e7880000)
 ParOldGen       total 62464K, used 8K [0x00000000a4400000, 0x00000000a8100000, 0x00000000e1680000)
  object space 62464K, 0% used [0x00000000a4400000,0x00000000a4402000,0x00000000a8100000)
 PSPermGen       total 21504K, used 4076K [0x000000009f200000, 0x00000000a0700000, 0x00000000a4400000)
  object space 21504K, 18% used [0x000000009f200000,0x000000009f5fb3f0,0x00000000a0700000)
Event: 2,181 GC heap after
Heap after GC invocations=6 (full 0):
 PSYoungGen      total 99328K, used 575K [0x00000000e1680000, 0x00000000e7880000, 0x0000000100000000)
  eden space 98304K, 0% used [0x00000000e1680000,0x00000000e1680000,0x00000000e7680000)
  from space 1024K, 56% used [0x00000000e7780000,0x00000000e780fe00,0x00000000e7880000)
  to   space 1024K, 0% used [0x00000000e7680000,0x00000000e7680000,0x00000000e7780000)
 ParOldGen       total 62464K, used 8K [0x00000000a4400000, 0x00000000a8100000, 0x00000000e1680000)
  object space 62464K, 0% used [0x00000000a4400000,0x00000000a4402000,0x00000000a8100000)
 PSPermGen       total 21504K, used 4076K [0x000000009f200000, 0x00000000a0700000, 0x00000000a4400000)
  object space 21504K, 18% used [0x000000009f200000,0x000000009f5fb3f0,0x00000000a0700000)
}
Event: 2,315 GC heap before
{Heap before GC invocations=7 (full 0):
 PSYoungGen      total 99328K, used 98879K [0x00000000e1680000, 0x00000000e7880000, 0x0000000100000000)
  eden space 98304K, 100% used [0x00000000e1680000,0x00000000e7680000,0x00000000e7680000)
  from space 1024K, 56% used [0x00000000e7780000,0x00000000e780fe00,0x00000000e7880000)
  to   space 1024K, 0% used [0x00000000e7680000,0x00000000e7680000,0x00000000e7780000)
 ParOldGen       total 62464K, used 8K [0x00000000a4400000, 0x00000000a8100000, 0x00000000e1680000)
  object space 62464K, 0% used [0x00000000a4400000,0x00000000a4402000,0x00000000a8100000)
 PSPermGen       total 21504K, used 4076K [0x000000009f200000, 0x00000000a0700000, 0x00000000a4400000)
  object space 21504K, 18% used [0x000000009f200000,0x000000009f5fb3f0,0x00000000a0700000)

